{"total": {"lines":{"total":4,"covered":3,"skipped":0,"pct":75},"statements":{"total":4,"covered":3,"skipped":0,"pct":75},"functions":{"total":1,"covered":1,"skipped":0,"pct":100},"branches":{"total":2,"covered":1,"skipped":0,"pct":50},"branchesTrue":{"total":0,"covered":0,"skipped":0,"pct":"Unknown"}}
,"/home/runner/work/readme-auto-update-demo/readme-auto-update-demo/sum.js": {"lines":{"total":4,"covered":3,"skipped":0,"pct":75},"functions":{"total":1,"covered":1,"skipped":0,"pct":100},"statements":{"total":4,"covered":3,"skipped":0,"pct":75},"branches":{"total":2,"covered":1,"skipped":0,"pct":50}}
}
