<?xml version="1.0" encoding="UTF-8"?>
<testsuites name="jest tests" tests="4" failures="0" errors="0" time="0.565">
  <testsuite name="undefined" errors="0" failures="0" skipped="0" timestamp="2025-11-04T12:44:42" time="0.378" tests="2">
    <testcase classname=" 加法測試: 1 + 2 = 3" name=" 加法測試: 1 + 2 = 3" time="0.004">
    </testcase>
    <testcase classname=" 加法測試: -5 + 5 = 0" name=" 加法測試: -5 + 5 = 0" time="0.001">
    </testcase>
  </testsuite>
  <testsuite name="undefined" errors="0" failures="0" skipped="0" timestamp="2025-11-04T12:44:42" time="0.42" tests="2">
    <testcase classname=" 1 + 2 = 3" name=" 1 + 2 = 3" time="0.005">
    </testcase>
    <testcase classname=" -5 + 5 = 0" name=" -5 + 5 = 0" time="0">
    </testcase>
  </testsuite>
</testsuites>